<?xml version="1.0" encoding="UTF-8"?>
<testng-results ignored="0" total="11" passed="10" failed="1" skipped="0">
  <reporter-output>
  </reporter-output>
  <suite started-at="2020-07-24T11:18:16 CST" name="Surefire suite" finished-at="2020-07-24T11:18:29 CST" duration-ms="12230">
    <groups>
      <group name="cucumber">
        <method signature="AbstractTestNGCucumberTests.runScenario(io.cucumber.testng.PickleWrapper, io.cucumber.testng.FeatureWrapper)[pri:0, instance:runner.RunCucumberTest@6ad82709]" name="runScenario" class="io.cucumber.testng.AbstractTestNGCucumberTests"/>
      </group> <!-- cucumber -->
    </groups>
    <test started-at="2020-07-24T11:18:16 CST" name="Surefire test" finished-at="2020-07-24T11:18:29 CST" duration-ms="12230">
      <class name="runner.RunCucumberTest">
        <test-method is-config="true" signature="setUpClass()[pri:0, instance:runner.RunCucumberTest@6ad82709]" started-at="2020-07-24T11:18:16 CST" name="setUpClass" finished-at="2020-07-24T11:18:17 CST" duration-ms="261" status="PASS">
          <reporter-output>
          </reporter-output>
        </test-method> <!-- setUpClass -->
        <test-method signature="runScenario(io.cucumber.testng.PickleWrapper, io.cucumber.testng.FeatureWrapper)[pri:0, instance:runner.RunCucumberTest@6ad82709]" started-at="2020-07-24T11:18:17 CST" name="runScenario" description="Runs Cucumber Scenarios" data-provider="scenarios" finished-at="2020-07-24T11:18:17 CST" duration-ms="385" status="PASS">
          <params>
            <param index="0">
              <value>
                <![CDATA["今天是不是星期五"]]>
              </value>
            </param>
            <param index="1">
              <value>
                <![CDATA["Optional[今天是不是星期五?]"]]>
              </value>
            </param>
          </params>
          <reporter-output>
          </reporter-output>
        </test-method> <!-- runScenario -->
        <test-method signature="runScenario(io.cucumber.testng.PickleWrapper, io.cucumber.testng.FeatureWrapper)[pri:0, instance:runner.RunCucumberTest@6ad82709]" started-at="2020-07-24T11:18:17 CST" name="runScenario" description="Runs Cucumber Scenarios" data-provider="scenarios" finished-at="2020-07-24T11:18:19 CST" duration-ms="2005" status="PASS">
          <params>
            <param index="0">
              <value>
                <![CDATA["确认API调用能够正常返回期待的code"]]>
              </value>
            </param>
            <param index="1">
              <value>
                <![CDATA["Optional[回归测试]"]]>
              </value>
            </param>
          </params>
          <reporter-output>
          </reporter-output>
        </test-method> <!-- runScenario -->
        <test-method signature="runScenario(io.cucumber.testng.PickleWrapper, io.cucumber.testng.FeatureWrapper)[pri:0, instance:runner.RunCucumberTest@6ad82709]" started-at="2020-07-24T11:18:17 CST" name="runScenario" description="Runs Cucumber Scenarios" data-provider="scenarios" finished-at="2020-07-24T11:18:17 CST" duration-ms="389" status="PASS">
          <params>
            <param index="0">
              <value>
                <![CDATA["今天是不是星期五"]]>
              </value>
            </param>
            <param index="1">
              <value>
                <![CDATA["Optional[今天是不是星期五?]"]]>
              </value>
            </param>
          </params>
          <reporter-output>
          </reporter-output>
        </test-method> <!-- runScenario -->
        <test-method signature="runScenario(io.cucumber.testng.PickleWrapper, io.cucumber.testng.FeatureWrapper)[pri:0, instance:runner.RunCucumberTest@6ad82709]" started-at="2020-07-24T11:18:17 CST" name="runScenario" description="Runs Cucumber Scenarios" data-provider="scenarios" finished-at="2020-07-24T11:18:19 CST" duration-ms="2490" status="PASS">
          <params>
            <param index="0">
              <value>
                <![CDATA["User calls web service to get a book by its ISBN"]]>
              </value>
            </param>
            <param index="1">
              <value>
                <![CDATA["Optional[Get book by ISBN]"]]>
              </value>
            </param>
          </params>
          <reporter-output>
          </reporter-output>
        </test-method> <!-- runScenario -->
        <test-method signature="runScenario(io.cucumber.testng.PickleWrapper, io.cucumber.testng.FeatureWrapper)[pri:0, instance:runner.RunCucumberTest@6ad82709]" started-at="2020-07-24T11:18:17 CST" name="runScenario" description="Runs Cucumber Scenarios" data-provider="scenarios" finished-at="2020-07-24T11:18:19 CST" duration-ms="2000" status="PASS">
          <params>
            <param index="0">
              <value>
                <![CDATA["确认API调用能够正常返回期待的code"]]>
              </value>
            </param>
            <param index="1">
              <value>
                <![CDATA["Optional[回归测试]"]]>
              </value>
            </param>
          </params>
          <reporter-output>
          </reporter-output>
        </test-method> <!-- runScenario -->
        <test-method signature="runScenario(io.cucumber.testng.PickleWrapper, io.cucumber.testng.FeatureWrapper)[pri:0, instance:runner.RunCucumberTest@6ad82709]" started-at="2020-07-24T11:18:17 CST" name="runScenario" description="Runs Cucumber Scenarios" data-provider="scenarios" finished-at="2020-07-24T11:18:17 CST" duration-ms="385" status="PASS">
          <params>
            <param index="0">
              <value>
                <![CDATA["Today is or is not Friday"]]>
              </value>
            </param>
            <param index="1">
              <value>
                <![CDATA["Optional[Is it Friday yet?]"]]>
              </value>
            </param>
          </params>
          <reporter-output>
          </reporter-output>
        </test-method> <!-- runScenario -->
        <test-method signature="runScenario(io.cucumber.testng.PickleWrapper, io.cucumber.testng.FeatureWrapper)[pri:0, instance:runner.RunCucumberTest@6ad82709]" started-at="2020-07-24T11:18:17 CST" name="runScenario" description="Runs Cucumber Scenarios" data-provider="scenarios" finished-at="2020-07-24T11:18:17 CST" duration-ms="385" status="PASS">
          <params>
            <param index="0">
              <value>
                <![CDATA["今天是不是星期五"]]>
              </value>
            </param>
            <param index="1">
              <value>
                <![CDATA["Optional[今天是不是星期五?]"]]>
              </value>
            </param>
          </params>
          <reporter-output>
          </reporter-output>
        </test-method> <!-- runScenario -->
        <test-method signature="runScenario(io.cucumber.testng.PickleWrapper, io.cucumber.testng.FeatureWrapper)[pri:0, instance:runner.RunCucumberTest@6ad82709]" started-at="2020-07-24T11:18:17 CST" name="runScenario" description="Runs Cucumber Scenarios" data-provider="scenarios" finished-at="2020-07-24T11:18:17 CST" duration-ms="376" status="PASS">
          <params>
            <param index="0">
              <value>
                <![CDATA["Today is or is not Friday"]]>
              </value>
            </param>
            <param index="1">
              <value>
                <![CDATA["Optional[Is it Friday yet?]"]]>
              </value>
            </param>
          </params>
          <reporter-output>
          </reporter-output>
        </test-method> <!-- runScenario -->
        <test-method signature="runScenario(io.cucumber.testng.PickleWrapper, io.cucumber.testng.FeatureWrapper)[pri:0, instance:runner.RunCucumberTest@6ad82709]" started-at="2020-07-24T11:18:17 CST" name="runScenario" description="Runs Cucumber Scenarios" data-provider="scenarios" finished-at="2020-07-24T11:18:19 CST" duration-ms="1998" status="PASS">
          <params>
            <param index="0">
              <value>
                <![CDATA["确认API调用能够正常返回期待的code"]]>
              </value>
            </param>
            <param index="1">
              <value>
                <![CDATA["Optional[回归测试]"]]>
              </value>
            </param>
          </params>
          <reporter-output>
          </reporter-output>
        </test-method> <!-- runScenario -->
        <test-method signature="runScenario(io.cucumber.testng.PickleWrapper, io.cucumber.testng.FeatureWrapper)[pri:0, instance:runner.RunCucumberTest@6ad82709]" started-at="2020-07-24T11:18:17 CST" name="runScenario" description="Runs Cucumber Scenarios" data-provider="scenarios" finished-at="2020-07-24T11:18:17 CST" duration-ms="384" status="PASS">
          <params>
            <param index="0">
              <value>
                <![CDATA["Today is or is not Friday"]]>
              </value>
            </param>
            <param index="1">
              <value>
                <![CDATA["Optional[Is it Friday yet?]"]]>
              </value>
            </param>
          </params>
          <reporter-output>
          </reporter-output>
        </test-method> <!-- runScenario -->
        <test-method signature="runScenario(io.cucumber.testng.PickleWrapper, io.cucumber.testng.FeatureWrapper)[pri:0, instance:runner.RunCucumberTest@6ad82709]" started-at="2020-07-24T11:18:17 CST" name="runScenario" description="Runs Cucumber Scenarios" data-provider="scenarios" finished-at="2020-07-24T11:18:28 CST" duration-ms="10717" status="FAIL">
          <params>
            <param index="0">
              <value>
                <![CDATA["Finding some cheese"]]>
              </value>
            </param>
            <param index="1">
              <value>
                <![CDATA["Optional[Google Search?]"]]>
              </value>
            </param>
          </params>
          <exception class="org.openqa.selenium.NoSuchElementException">
            <message>
              <![CDATA[no such element: Unable to locate element: {"method":"css selector","selector":"#kw"}
  (Session info: headless chrome=84.0.4147.89)
For documentation on this error, please visit: https://www.seleniumhq.org/exceptions/no_such_element.html
Build info: version: '3.141.59', revision: 'e82be7d358', time: '2018-11-14T08:17:03'
System info: host: 'yangyt001', ip: '127.0.1.1', os.name: 'Linux', os.arch: 'amd64', os.version: '5.4.0-42-generic', java.version: '11.0.7'
Driver info: org.openqa.selenium.chrome.ChromeDriver
Capabilities {acceptInsecureCerts: false, browserName: chrome, browserVersion: 84.0.4147.89, chrome: {chromedriverVersion: 83.0.4103.39 (ccbf011cb2d2b..., userDataDir: /tmp/.com.google.Chrome.tR5WBz}, goog:chromeOptions: {debuggerAddress: localhost:34271}, javascriptEnabled: true, networkConnectionEnabled: false, pageLoadStrategy: normal, platform: LINUX, platformName: LINUX, proxy: Proxy(), setWindowRect: true, strictFileInteractability: false, timeouts: {implicit: 0, pageLoad: 300000, script: 30000}, unhandledPromptBehavior: dismiss and notify, webauthn:virtualAuthenticators: true}
Session ID: 9885ad29cca70e8724cb486a5ea2b3da
*** Element info: {Using=id, value=kw}]]>
            </message>
            <full-stacktrace>
              <![CDATA[org.openqa.selenium.NoSuchElementException: no such element: Unable to locate element: {"method":"css selector","selector":"#kw"}
  (Session info: headless chrome=84.0.4147.89)
For documentation on this error, please visit: https://www.seleniumhq.org/exceptions/no_such_element.html
Build info: version: '3.141.59', revision: 'e82be7d358', time: '2018-11-14T08:17:03'
System info: host: 'yangyt001', ip: '127.0.1.1', os.name: 'Linux', os.arch: 'amd64', os.version: '5.4.0-42-generic', java.version: '11.0.7'
Driver info: org.openqa.selenium.chrome.ChromeDriver
Capabilities {acceptInsecureCerts: false, browserName: chrome, browserVersion: 84.0.4147.89, chrome: {chromedriverVersion: 83.0.4103.39 (ccbf011cb2d2b..., userDataDir: /tmp/.com.google.Chrome.tR5WBz}, goog:chromeOptions: {debuggerAddress: localhost:34271}, javascriptEnabled: true, networkConnectionEnabled: false, pageLoadStrategy: normal, platform: LINUX, platformName: LINUX, proxy: Proxy(), setWindowRect: true, strictFileInteractability: false, timeouts: {implicit: 0, pageLoad: 300000, script: 30000}, unhandledPromptBehavior: dismiss and notify, webauthn:virtualAuthenticators: true}
Session ID: 9885ad29cca70e8724cb486a5ea2b3da
*** Element info: {Using=id, value=kw}
at java.base/jdk.internal.reflect.NativeConstructorAccessorImpl.newInstance0(Native Method)
at java.base/jdk.internal.reflect.NativeConstructorAccessorImpl.newInstance(NativeConstructorAccessorImpl.java:62)
at java.base/jdk.internal.reflect.DelegatingConstructorAccessorImpl.newInstance(DelegatingConstructorAccessorImpl.java:45)
at java.base/java.lang.reflect.Constructor.newInstance(Constructor.java:490)
at org.openqa.selenium.remote.http.W3CHttpResponseCodec.createException(W3CHttpResponseCodec.java:187)
at org.openqa.selenium.remote.http.W3CHttpResponseCodec.decode(W3CHttpResponseCodec.java:122)
at org.openqa.selenium.remote.http.W3CHttpResponseCodec.decode(W3CHttpResponseCodec.java:49)
at org.openqa.selenium.remote.HttpCommandExecutor.execute(HttpCommandExecutor.java:158)
at org.openqa.selenium.remote.service.DriverCommandExecutor.execute(DriverCommandExecutor.java:83)
at org.openqa.selenium.remote.RemoteWebDriver.execute(RemoteWebDriver.java:552)
at org.openqa.selenium.remote.RemoteWebDriver.findElement(RemoteWebDriver.java:323)
at org.openqa.selenium.remote.RemoteWebDriver.findElementById(RemoteWebDriver.java:372)
at org.openqa.selenium.By$ById.findElement(By.java:188)
at org.openqa.selenium.remote.RemoteWebDriver.findElement(RemoteWebDriver.java:315)
at org.openqa.selenium.support.pagefactory.DefaultElementLocator.findElement(DefaultElementLocator.java:69)
at org.openqa.selenium.support.pagefactory.internal.LocatingElementHandler.invoke(LocatingElementHandler.java:38)
at com.sun.proxy.$Proxy35.sendKeys(Unknown Source)
at uiTest.pageobjects.BaiduPage.searchFor(BaiduPage.java:13)
at stepdefs.Step_UI.search_for(Step_UI.java:42)
at ✽.I search for "Cheese!"(classpath:features/sample_feature/ui_feature.feature:7)
]]>
            </full-stacktrace>
          </exception> <!-- org.openqa.selenium.NoSuchElementException -->
          <reporter-output>
          </reporter-output>
        </test-method> <!-- runScenario -->
        <test-method is-config="true" signature="tearDownClass()[pri:0, instance:runner.RunCucumberTest@6ad82709]" started-at="2020-07-24T11:18:28 CST" name="tearDownClass" finished-at="2020-07-24T11:18:29 CST" duration-ms="711" status="PASS">
          <reporter-output>
          </reporter-output>
        </test-method> <!-- tearDownClass -->
      </class> <!-- runner.RunCucumberTest -->
    </test> <!-- Surefire test -->
  </suite> <!-- Surefire suite -->
</testng-results>
