<?xml version="1.0" encoding="UTF-8"?>
<testsuite xmlns:xsi="http://www.w3.org/2001/XMLSchema-instance" xsi:noNamespaceSchemaLocation="https://maven.apache.org/surefire/maven-surefire-plugin/xsd/surefire-test-report.xsd" name="runner.RunCucumberTest" time="12.642" tests="11" errors="0" skipped="0" failures="1">
  <properties>
    <property name="sun.desktop" value="gnome"/>
    <property name="awt.toolkit" value="sun.awt.X11.XToolkit"/>
    <property name="java.specification.version" value="11"/>
    <property name="sun.cpu.isalist" value=""/>
    <property name="sun.jnu.encoding" value="UTF-8"/>
    <property name="java.class.path" value="/home/yangyt001/git/autotest-framework/target/test-classes:/home/yangyt001/git/autotest-framework/target/classes:/home/yangyt001/.m2/repository/io/cucumber/cucumber-java/6.1.1/cucumber-java-6.1.1.jar:/home/yangyt001/.m2/repository/io/cucumber/cucumber-core/6.1.1/cucumber-core-6.1.1.jar:/home/yangyt001/.m2/repository/io/cucumber/cucumber-gherkin/6.1.1/cucumber-gherkin-6.1.1.jar:/home/yangyt001/.m2/repository/io/cucumber/cucumber-gherkin-messages/6.1.1/cucumber-gherkin-messages-6.1.1.jar:/home/yangyt001/.m2/repository/io/cucumber/messages/12.1.1/messages-12.1.1.jar:/home/yangyt001/.m2/repository/io/cucumber/tag-expressions/3.0.0/tag-expressions-3.0.0.jar:/home/yangyt001/.m2/repository/io/cucumber/cucumber-expressions/10.2.0/cucumber-expressions-10.2.0.jar:/home/yangyt001/.m2/repository/io/cucumber/datatable/3.3.1/datatable-3.3.1.jar:/home/yangyt001/.m2/repository/io/cucumber/cucumber-plugin/6.1.1/cucumber-plugin-6.1.1.jar:/home/yangyt001/.m2/repository/io/cucumber/docstring/6.1.1/docstring-6.1.1.jar:/home/yangyt001/.m2/repository/io/cucumber/html-formatter/6.0.3/html-formatter-6.0.3.jar:/home/yangyt001/.m2/repository/org/apiguardian/apiguardian-api/1.1.0/apiguardian-api-1.1.0.jar:/home/yangyt001/.m2/repository/io/cucumber/cucumber-testng/6.1.1/cucumber-testng-6.1.1.jar:/home/yangyt001/.m2/repository/org/testng/testng/7.1.0/testng-7.1.0.jar:/home/yangyt001/.m2/repository/com/beust/jcommander/1.72/jcommander-1.72.jar:/home/yangyt001/.m2/repository/com/google/inject/guice/4.1.0/guice-4.1.0-no_aop.jar:/home/yangyt001/.m2/repository/javax/inject/javax.inject/1/javax.inject-1.jar:/home/yangyt001/.m2/repository/aopalliance/aopalliance/1.0/aopalliance-1.0.jar:/home/yangyt001/.m2/repository/org/yaml/snakeyaml/1.21/snakeyaml-1.21.jar:/home/yangyt001/.m2/repository/io/qameta/allure/allure-testng/2.13.2/allure-testng-2.13.2.jar:/home/yangyt001/.m2/repository/io/qameta/allure/allure-java-commons/2.13.2/allure-java-commons-2.13.2.jar:/home/yangyt001/.m2/repository/io/qameta/allure/allure-model/2.13.2/allure-model-2.13.2.jar:/home/yangyt001/.m2/repository/org/apache/tika/tika-core/1.20/tika-core-1.20.jar:/home/yangyt001/.m2/repository/org/jooq/joor-java-8/0.9.10/joor-java-8-0.9.10.jar:/home/yangyt001/.m2/repository/junit/junit/4.13/junit-4.13.jar:/home/yangyt001/.m2/repository/org/hamcrest/hamcrest-core/1.3/hamcrest-core-1.3.jar:/home/yangyt001/.m2/repository/org/apache/logging/log4j/log4j-core/2.13.3/log4j-core-2.13.3.jar:/home/yangyt001/.m2/repository/org/apache/logging/log4j/log4j-api/2.13.3/log4j-api-2.13.3.jar:/home/yangyt001/.m2/repository/org/seleniumhq/selenium/selenium-java/3.141.59/selenium-java-3.141.59.jar:/home/yangyt001/.m2/repository/org/seleniumhq/selenium/selenium-api/3.141.59/selenium-api-3.141.59.jar:/home/yangyt001/.m2/repository/org/seleniumhq/selenium/selenium-chrome-driver/3.141.59/selenium-chrome-driver-3.141.59.jar:/home/yangyt001/.m2/repository/org/seleniumhq/selenium/selenium-edge-driver/3.141.59/selenium-edge-driver-3.141.59.jar:/home/yangyt001/.m2/repository/org/seleniumhq/selenium/selenium-firefox-driver/3.141.59/selenium-firefox-driver-3.141.59.jar:/home/yangyt001/.m2/repository/org/seleniumhq/selenium/selenium-ie-driver/3.141.59/selenium-ie-driver-3.141.59.jar:/home/yangyt001/.m2/repository/org/seleniumhq/selenium/selenium-opera-driver/3.141.59/selenium-opera-driver-3.141.59.jar:/home/yangyt001/.m2/repository/org/seleniumhq/selenium/selenium-remote-driver/3.141.59/selenium-remote-driver-3.141.59.jar:/home/yangyt001/.m2/repository/org/seleniumhq/selenium/selenium-safari-driver/3.141.59/selenium-safari-driver-3.141.59.jar:/home/yangyt001/.m2/repository/org/seleniumhq/selenium/selenium-support/3.141.59/selenium-support-3.141.59.jar:/home/yangyt001/.m2/repository/net/bytebuddy/byte-buddy/1.8.15/byte-buddy-1.8.15.jar:/home/yangyt001/.m2/repository/org/apache/commons/commons-exec/1.3/commons-exec-1.3.jar:/home/yangyt001/.m2/repository/com/google/guava/guava/25.0-jre/guava-25.0-jre.jar:/home/yangyt001/.m2/repository/com/google/code/findbugs/jsr305/1.3.9/jsr305-1.3.9.jar:/home/yangyt001/.m2/repository/org/checkerframework/checker-compat-qual/2.0.0/checker-compat-qual-2.0.0.jar:/home/yangyt001/.m2/repository/com/google/errorprone/error_prone_annotations/2.1.3/error_prone_annotations-2.1.3.jar:/home/yangyt001/.m2/repository/com/google/j2objc/j2objc-annotations/1.1/j2objc-annotations-1.1.jar:/home/yangyt001/.m2/repository/org/codehaus/mojo/animal-sniffer-annotations/1.14/animal-sniffer-annotations-1.14.jar:/home/yangyt001/.m2/repository/com/squareup/okhttp3/okhttp/3.11.0/okhttp-3.11.0.jar:/home/yangyt001/.m2/repository/com/squareup/okio/okio/1.14.0/okio-1.14.0.jar:/home/yangyt001/.m2/repository/com/codeborne/selenide/5.12.1/selenide-5.12.1.jar:/home/yangyt001/.m2/repository/io/github/bonigarcia/webdrivermanager/4.0.0/webdrivermanager-4.0.0.jar:/home/yangyt001/.m2/repository/commons-io/commons-io/2.6/commons-io-2.6.jar:/home/yangyt001/.m2/repository/com/google/code/gson/gson/2.8.6/gson-2.8.6.jar:/home/yangyt001/.m2/repository/org/apache/commons/commons-lang3/3.10/commons-lang3-3.10.jar:/home/yangyt001/.m2/repository/org/rauschig/jarchivelib/1.0.0/jarchivelib-1.0.0.jar:/home/yangyt001/.m2/repository/org/apache/commons/commons-compress/1.18/commons-compress-1.18.jar:/home/yangyt001/.m2/repository/org/jsoup/jsoup/1.13.1/jsoup-1.13.1.jar:/home/yangyt001/.m2/repository/org/apache/httpcomponents/client5/httpclient5/5.0/httpclient5-5.0.jar:/home/yangyt001/.m2/repository/org/apache/httpcomponents/core5/httpcore5/5.0/httpcore5-5.0.jar:/home/yangyt001/.m2/repository/org/slf4j/slf4j-api/1.7.30/slf4j-api-1.7.30.jar:/home/yangyt001/.m2/repository/com/fasterxml/jackson/core/jackson-databind/2.11.1/jackson-databind-2.11.1.jar:/home/yangyt001/.m2/repository/com/fasterxml/jackson/core/jackson-annotations/2.11.1/jackson-annotations-2.11.1.jar:/home/yangyt001/.m2/repository/com/fasterxml/jackson/core/jackson-core/2.11.1/jackson-core-2.11.1.jar:/home/yangyt001/.m2/repository/de/monochromata/cucumber/reporting-plugin/4.0.65/reporting-plugin-4.0.65.jar:/home/yangyt001/.m2/repository/io/cucumber/gherkin/14.0.1/gherkin-14.0.1.jar:/home/yangyt001/.m2/repository/net/masterthought/cucumber-reporting/5.3.0/cucumber-reporting-5.3.0.jar:/home/yangyt001/.m2/repository/com/fasterxml/jackson/datatype/jackson-datatype-jsr310/2.10.1/jackson-datatype-jsr310-2.10.1.jar:/home/yangyt001/.m2/repository/org/apache/velocity/velocity-engine-core/2.1/velocity-engine-core-2.1.jar:/home/yangyt001/.m2/repository/commons-collections/commons-collections/3.2.2/commons-collections-3.2.2.jar:/home/yangyt001/.m2/repository/joda-time/joda-time/2.10.5/joda-time-2.10.5.jar:/home/yangyt001/.m2/repository/org/codehaus/plexus/plexus-utils/3.3.0/plexus-utils-3.3.0.jar:/home/yangyt001/.m2/repository/com/googlecode/owasp-java-html-sanitizer/owasp-java-html-sanitizer/20191001.1/owasp-java-html-sanitizer-20191001.1.jar:/home/yangyt001/.m2/repository/commons-configuration/commons-configuration/1.10/commons-configuration-1.10.jar:/home/yangyt001/.m2/repository/commons-lang/commons-lang/2.6/commons-lang-2.6.jar:/home/yangyt001/.m2/repository/io/rest-assured/rest-assured/4.3.1/rest-assured-4.3.1.jar:/home/yangyt001/.m2/repository/org/codehaus/groovy/groovy/3.0.3/groovy-3.0.3.jar:/home/yangyt001/.m2/repository/org/codehaus/groovy/groovy-xml/3.0.3/groovy-xml-3.0.3.jar:/home/yangyt001/.m2/repository/org/apache/httpcomponents/httpclient/4.5.3/httpclient-4.5.3.jar:/home/yangyt001/.m2/repository/org/apache/httpcomponents/httpcore/4.4.6/httpcore-4.4.6.jar:/home/yangyt001/.m2/repository/commons-logging/commons-logging/1.2/commons-logging-1.2.jar:/home/yangyt001/.m2/repository/org/apache/httpcomponents/httpmime/4.5.3/httpmime-4.5.3.jar:/home/yangyt001/.m2/repository/org/hamcrest/hamcrest/2.1/hamcrest-2.1.jar:/home/yangyt001/.m2/repository/org/ccil/cowan/tagsoup/tagsoup/1.2.1/tagsoup-1.2.1.jar:/home/yangyt001/.m2/repository/io/rest-assured/json-path/4.3.1/json-path-4.3.1.jar:/home/yangyt001/.m2/repository/org/codehaus/groovy/groovy-json/3.0.3/groovy-json-3.0.3.jar:/home/yangyt001/.m2/repository/io/rest-assured/rest-assured-common/4.3.1/rest-assured-common-4.3.1.jar:/home/yangyt001/.m2/repository/io/rest-assured/xml-path/4.3.1/xml-path-4.3.1.jar:/home/yangyt001/.m2/repository/jakarta/xml/bind/jakarta.xml.bind-api/2.3.3/jakarta.xml.bind-api-2.3.3.jar:/home/yangyt001/.m2/repository/jakarta/activation/jakarta.activation-api/1.2.2/jakarta.activation-api-1.2.2.jar:/home/yangyt001/.m2/repository/com/sun/xml/bind/jaxb-impl/2.3.3/jaxb-impl-2.3.3.jar:/home/yangyt001/.m2/repository/org/apache/poi/poi/3.9/poi-3.9.jar:/home/yangyt001/.m2/repository/commons-codec/commons-codec/1.5/commons-codec-1.5.jar:/home/yangyt001/.m2/repository/org/apache/poi/poi-ooxml/3.9/poi-ooxml-3.9.jar:/home/yangyt001/.m2/repository/org/apache/poi/poi-ooxml-schemas/3.9/poi-ooxml-schemas-3.9.jar:/home/yangyt001/.m2/repository/org/apache/xmlbeans/xmlbeans/2.3.0/xmlbeans-2.3.0.jar:/home/yangyt001/.m2/repository/stax/stax-api/1.0.1/stax-api-1.0.1.jar:/home/yangyt001/.m2/repository/dom4j/dom4j/1.6.1/dom4j-1.6.1.jar:/home/yangyt001/.m2/repository/xml-apis/xml-apis/1.0.b2/xml-apis-1.0.b2.jar:/home/yangyt001/.m2/repository/org/apache/maven/surefire/surefire-testng-utils/2.22.0/surefire-testng-utils-2.22.0.jar:/home/yangyt001/.m2/repository/org/apache/maven/surefire/surefire-grouper/2.22.0/surefire-grouper-2.22.0.jar:"/>
    <property name="java.vm.vendor" value="Ubuntu"/>
    <property name="sun.arch.data.model" value="64"/>
    <property name="java.vendor.url" value="https://ubuntu.com/"/>
    <property name="user.timezone" value=""/>
    <property name="java.vm.specification.version" value="11"/>
    <property name="os.name" value="Linux"/>
    <property name="sun.java.launcher" value="SUN_STANDARD"/>
    <property name="user.country" value="CN"/>
    <property name="sun.boot.library.path" value="/usr/lib/jvm/java-11-openjdk-amd64/lib"/>
    <property name="sun.java.command" value="/home/yangyt001/git/autotest-framework/target/surefire/surefirebooter9685156968688889501.jar /home/yangyt001/git/autotest-framework/target/surefire 2020-07-24T11-18-15_705-jvmRun1 surefire17995181040517163815tmp surefire_014396661126916445904tmp"/>
    <property name="jdk.debug" value="release"/>
    <property name="surefire.test.class.path" value="/home/yangyt001/git/autotest-framework/target/test-classes:/home/yangyt001/git/autotest-framework/target/classes:/home/yangyt001/.m2/repository/io/cucumber/cucumber-java/6.1.1/cucumber-java-6.1.1.jar:/home/yangyt001/.m2/repository/io/cucumber/cucumber-core/6.1.1/cucumber-core-6.1.1.jar:/home/yangyt001/.m2/repository/io/cucumber/cucumber-gherkin/6.1.1/cucumber-gherkin-6.1.1.jar:/home/yangyt001/.m2/repository/io/cucumber/cucumber-gherkin-messages/6.1.1/cucumber-gherkin-messages-6.1.1.jar:/home/yangyt001/.m2/repository/io/cucumber/messages/12.1.1/messages-12.1.1.jar:/home/yangyt001/.m2/repository/io/cucumber/tag-expressions/3.0.0/tag-expressions-3.0.0.jar:/home/yangyt001/.m2/repository/io/cucumber/cucumber-expressions/10.2.0/cucumber-expressions-10.2.0.jar:/home/yangyt001/.m2/repository/io/cucumber/datatable/3.3.1/datatable-3.3.1.jar:/home/yangyt001/.m2/repository/io/cucumber/cucumber-plugin/6.1.1/cucumber-plugin-6.1.1.jar:/home/yangyt001/.m2/repository/io/cucumber/docstring/6.1.1/docstring-6.1.1.jar:/home/yangyt001/.m2/repository/io/cucumber/html-formatter/6.0.3/html-formatter-6.0.3.jar:/home/yangyt001/.m2/repository/org/apiguardian/apiguardian-api/1.1.0/apiguardian-api-1.1.0.jar:/home/yangyt001/.m2/repository/io/cucumber/cucumber-testng/6.1.1/cucumber-testng-6.1.1.jar:/home/yangyt001/.m2/repository/org/testng/testng/7.1.0/testng-7.1.0.jar:/home/yangyt001/.m2/repository/com/beust/jcommander/1.72/jcommander-1.72.jar:/home/yangyt001/.m2/repository/com/google/inject/guice/4.1.0/guice-4.1.0-no_aop.jar:/home/yangyt001/.m2/repository/javax/inject/javax.inject/1/javax.inject-1.jar:/home/yangyt001/.m2/repository/aopalliance/aopalliance/1.0/aopalliance-1.0.jar:/home/yangyt001/.m2/repository/org/yaml/snakeyaml/1.21/snakeyaml-1.21.jar:/home/yangyt001/.m2/repository/io/qameta/allure/allure-testng/2.13.2/allure-testng-2.13.2.jar:/home/yangyt001/.m2/repository/io/qameta/allure/allure-java-commons/2.13.2/allure-java-commons-2.13.2.jar:/home/yangyt001/.m2/repository/io/qameta/allure/allure-model/2.13.2/allure-model-2.13.2.jar:/home/yangyt001/.m2/repository/org/apache/tika/tika-core/1.20/tika-core-1.20.jar:/home/yangyt001/.m2/repository/org/jooq/joor-java-8/0.9.10/joor-java-8-0.9.10.jar:/home/yangyt001/.m2/repository/junit/junit/4.13/junit-4.13.jar:/home/yangyt001/.m2/repository/org/hamcrest/hamcrest-core/1.3/hamcrest-core-1.3.jar:/home/yangyt001/.m2/repository/org/apache/logging/log4j/log4j-core/2.13.3/log4j-core-2.13.3.jar:/home/yangyt001/.m2/repository/org/apache/logging/log4j/log4j-api/2.13.3/log4j-api-2.13.3.jar:/home/yangyt001/.m2/repository/org/seleniumhq/selenium/selenium-java/3.141.59/selenium-java-3.141.59.jar:/home/yangyt001/.m2/repository/org/seleniumhq/selenium/selenium-api/3.141.59/selenium-api-3.141.59.jar:/home/yangyt001/.m2/repository/org/seleniumhq/selenium/selenium-chrome-driver/3.141.59/selenium-chrome-driver-3.141.59.jar:/home/yangyt001/.m2/repository/org/seleniumhq/selenium/selenium-edge-driver/3.141.59/selenium-edge-driver-3.141.59.jar:/home/yangyt001/.m2/repository/org/seleniumhq/selenium/selenium-firefox-driver/3.141.59/selenium-firefox-driver-3.141.59.jar:/home/yangyt001/.m2/repository/org/seleniumhq/selenium/selenium-ie-driver/3.141.59/selenium-ie-driver-3.141.59.jar:/home/yangyt001/.m2/repository/org/seleniumhq/selenium/selenium-opera-driver/3.141.59/selenium-opera-driver-3.141.59.jar:/home/yangyt001/.m2/repository/org/seleniumhq/selenium/selenium-remote-driver/3.141.59/selenium-remote-driver-3.141.59.jar:/home/yangyt001/.m2/repository/org/seleniumhq/selenium/selenium-safari-driver/3.141.59/selenium-safari-driver-3.141.59.jar:/home/yangyt001/.m2/repository/org/seleniumhq/selenium/selenium-support/3.141.59/selenium-support-3.141.59.jar:/home/yangyt001/.m2/repository/net/bytebuddy/byte-buddy/1.8.15/byte-buddy-1.8.15.jar:/home/yangyt001/.m2/repository/org/apache/commons/commons-exec/1.3/commons-exec-1.3.jar:/home/yangyt001/.m2/repository/com/google/guava/guava/25.0-jre/guava-25.0-jre.jar:/home/yangyt001/.m2/repository/com/google/code/findbugs/jsr305/1.3.9/jsr305-1.3.9.jar:/home/yangyt001/.m2/repository/org/checkerframework/checker-compat-qual/2.0.0/checker-compat-qual-2.0.0.jar:/home/yangyt001/.m2/repository/com/google/errorprone/error_prone_annotations/2.1.3/error_prone_annotations-2.1.3.jar:/home/yangyt001/.m2/repository/com/google/j2objc/j2objc-annotations/1.1/j2objc-annotations-1.1.jar:/home/yangyt001/.m2/repository/org/codehaus/mojo/animal-sniffer-annotations/1.14/animal-sniffer-annotations-1.14.jar:/home/yangyt001/.m2/repository/com/squareup/okhttp3/okhttp/3.11.0/okhttp-3.11.0.jar:/home/yangyt001/.m2/repository/com/squareup/okio/okio/1.14.0/okio-1.14.0.jar:/home/yangyt001/.m2/repository/com/codeborne/selenide/5.12.1/selenide-5.12.1.jar:/home/yangyt001/.m2/repository/io/github/bonigarcia/webdrivermanager/4.0.0/webdrivermanager-4.0.0.jar:/home/yangyt001/.m2/repository/commons-io/commons-io/2.6/commons-io-2.6.jar:/home/yangyt001/.m2/repository/com/google/code/gson/gson/2.8.6/gson-2.8.6.jar:/home/yangyt001/.m2/repository/org/apache/commons/commons-lang3/3.10/commons-lang3-3.10.jar:/home/yangyt001/.m2/repository/org/rauschig/jarchivelib/1.0.0/jarchivelib-1.0.0.jar:/home/yangyt001/.m2/repository/org/apache/commons/commons-compress/1.18/commons-compress-1.18.jar:/home/yangyt001/.m2/repository/org/jsoup/jsoup/1.13.1/jsoup-1.13.1.jar:/home/yangyt001/.m2/repository/org/apache/httpcomponents/client5/httpclient5/5.0/httpclient5-5.0.jar:/home/yangyt001/.m2/repository/org/apache/httpcomponents/core5/httpcore5/5.0/httpcore5-5.0.jar:/home/yangyt001/.m2/repository/org/slf4j/slf4j-api/1.7.30/slf4j-api-1.7.30.jar:/home/yangyt001/.m2/repository/com/fasterxml/jackson/core/jackson-databind/2.11.1/jackson-databind-2.11.1.jar:/home/yangyt001/.m2/repository/com/fasterxml/jackson/core/jackson-annotations/2.11.1/jackson-annotations-2.11.1.jar:/home/yangyt001/.m2/repository/com/fasterxml/jackson/core/jackson-core/2.11.1/jackson-core-2.11.1.jar:/home/yangyt001/.m2/repository/de/monochromata/cucumber/reporting-plugin/4.0.65/reporting-plugin-4.0.65.jar:/home/yangyt001/.m2/repository/io/cucumber/gherkin/14.0.1/gherkin-14.0.1.jar:/home/yangyt001/.m2/repository/net/masterthought/cucumber-reporting/5.3.0/cucumber-reporting-5.3.0.jar:/home/yangyt001/.m2/repository/com/fasterxml/jackson/datatype/jackson-datatype-jsr310/2.10.1/jackson-datatype-jsr310-2.10.1.jar:/home/yangyt001/.m2/repository/org/apache/velocity/velocity-engine-core/2.1/velocity-engine-core-2.1.jar:/home/yangyt001/.m2/repository/commons-collections/commons-collections/3.2.2/commons-collections-3.2.2.jar:/home/yangyt001/.m2/repository/joda-time/joda-time/2.10.5/joda-time-2.10.5.jar:/home/yangyt001/.m2/repository/org/codehaus/plexus/plexus-utils/3.3.0/plexus-utils-3.3.0.jar:/home/yangyt001/.m2/repository/com/googlecode/owasp-java-html-sanitizer/owasp-java-html-sanitizer/20191001.1/owasp-java-html-sanitizer-20191001.1.jar:/home/yangyt001/.m2/repository/commons-configuration/commons-configuration/1.10/commons-configuration-1.10.jar:/home/yangyt001/.m2/repository/commons-lang/commons-lang/2.6/commons-lang-2.6.jar:/home/yangyt001/.m2/repository/io/rest-assured/rest-assured/4.3.1/rest-assured-4.3.1.jar:/home/yangyt001/.m2/repository/org/codehaus/groovy/groovy/3.0.3/groovy-3.0.3.jar:/home/yangyt001/.m2/repository/org/codehaus/groovy/groovy-xml/3.0.3/groovy-xml-3.0.3.jar:/home/yangyt001/.m2/repository/org/apache/httpcomponents/httpclient/4.5.3/httpclient-4.5.3.jar:/home/yangyt001/.m2/repository/org/apache/httpcomponents/httpcore/4.4.6/httpcore-4.4.6.jar:/home/yangyt001/.m2/repository/commons-logging/commons-logging/1.2/commons-logging-1.2.jar:/home/yangyt001/.m2/repository/org/apache/httpcomponents/httpmime/4.5.3/httpmime-4.5.3.jar:/home/yangyt001/.m2/repository/org/hamcrest/hamcrest/2.1/hamcrest-2.1.jar:/home/yangyt001/.m2/repository/org/ccil/cowan/tagsoup/tagsoup/1.2.1/tagsoup-1.2.1.jar:/home/yangyt001/.m2/repository/io/rest-assured/json-path/4.3.1/json-path-4.3.1.jar:/home/yangyt001/.m2/repository/org/codehaus/groovy/groovy-json/3.0.3/groovy-json-3.0.3.jar:/home/yangyt001/.m2/repository/io/rest-assured/rest-assured-common/4.3.1/rest-assured-common-4.3.1.jar:/home/yangyt001/.m2/repository/io/rest-assured/xml-path/4.3.1/xml-path-4.3.1.jar:/home/yangyt001/.m2/repository/jakarta/xml/bind/jakarta.xml.bind-api/2.3.3/jakarta.xml.bind-api-2.3.3.jar:/home/yangyt001/.m2/repository/jakarta/activation/jakarta.activation-api/1.2.2/jakarta.activation-api-1.2.2.jar:/home/yangyt001/.m2/repository/com/sun/xml/bind/jaxb-impl/2.3.3/jaxb-impl-2.3.3.jar:/home/yangyt001/.m2/repository/org/apache/poi/poi/3.9/poi-3.9.jar:/home/yangyt001/.m2/repository/commons-codec/commons-codec/1.5/commons-codec-1.5.jar:/home/yangyt001/.m2/repository/org/apache/poi/poi-ooxml/3.9/poi-ooxml-3.9.jar:/home/yangyt001/.m2/repository/org/apache/poi/poi-ooxml-schemas/3.9/poi-ooxml-schemas-3.9.jar:/home/yangyt001/.m2/repository/org/apache/xmlbeans/xmlbeans/2.3.0/xmlbeans-2.3.0.jar:/home/yangyt001/.m2/repository/stax/stax-api/1.0.1/stax-api-1.0.1.jar:/home/yangyt001/.m2/repository/dom4j/dom4j/1.6.1/dom4j-1.6.1.jar:/home/yangyt001/.m2/repository/xml-apis/xml-apis/1.0.b2/xml-apis-1.0.b2.jar:/home/yangyt001/.m2/repository/org/apache/maven/surefire/surefire-testng-utils/2.22.0/surefire-testng-utils-2.22.0.jar:/home/yangyt001/.m2/repository/org/apache/maven/surefire/surefire-grouper/2.22.0/surefire-grouper-2.22.0.jar:"/>
    <property name="allure.results.directory" value="./target/allure-results"/>
    <property name="sun.cpu.endian" value="little"/>
    <property name="user.home" value="/home/yangyt001"/>
    <property name="user.language" value="zh"/>
    <property name="java.specification.vendor" value="Oracle Corporation"/>
    <property name="java.version.date" value="2020-04-14"/>
    <property name="java.home" value="/usr/lib/jvm/java-11-openjdk-amd64"/>
    <property name="file.separator" value="/"/>
    <property name="basedir" value="/home/yangyt001/git/autotest-framework"/>
    <property name="java.vm.compressedOopsMode" value="Zero based"/>
    <property name="line.separator" value="&#10;"/>
    <property name="java.specification.name" value="Java Platform API Specification"/>
    <property name="java.vm.specification.vendor" value="Oracle Corporation"/>
    <property name="java.awt.graphicsenv" value="sun.awt.X11GraphicsEnvironment"/>
    <property name="surefire.real.class.path" value="/home/yangyt001/git/autotest-framework/target/surefire/surefirebooter9685156968688889501.jar"/>
    <property name="sun.management.compiler" value="HotSpot 64-Bit Tiered Compilers"/>
    <property name="java.runtime.version" value="11.0.7+10-post-Ubuntu-3ubuntu1"/>
    <property name="user.name" value="yangyt001"/>
    <property name="path.separator" value=":"/>
    <property name="os.version" value="5.4.0-42-generic"/>
    <property name="java.runtime.name" value="OpenJDK Runtime Environment"/>
    <property name="file.encoding" value="UTF-8"/>
    <property name="java.vm.name" value="OpenJDK 64-Bit Server VM"/>
    <property name="localRepository" value="/home/yangyt001/.m2/repository"/>
    <property name="java.vendor.url.bug" value="https://bugs.launchpad.net/ubuntu/+source/openjdk-lts"/>
    <property name="java.io.tmpdir" value="/tmp"/>
    <property name="java.version" value="11.0.7"/>
    <property name="user.dir" value="/home/yangyt001/git/autotest-framework"/>
    <property name="os.arch" value="amd64"/>
    <property name="java.vm.specification.name" value="Java Virtual Machine Specification"/>
    <property name="java.awt.printerjob" value="sun.print.PSPrinterJob"/>
    <property name="sun.os.patch.level" value="unknown"/>
    <property name="java.library.path" value="/usr/local/lib:/usr/java/packages/lib:/usr/lib/x86_64-linux-gnu/jni:/lib/x86_64-linux-gnu:/usr/lib/x86_64-linux-gnu:/usr/lib/jni:/lib:/usr/lib"/>
    <property name="java.vendor" value="Ubuntu"/>
    <property name="java.vm.info" value="mixed mode, sharing"/>
    <property name="java.vm.version" value="11.0.7+10-post-Ubuntu-3ubuntu1"/>
    <property name="sun.io.unicode.encoding" value="UnicodeLittle"/>
    <property name="java.class.version" value="55.0"/>
  </properties>
  <testcase name="runScenario" classname="runner.RunCucumberTest" time="0.385"/>
  <testcase name="runScenario" classname="runner.RunCucumberTest" time="0.385"/>
  <testcase name="runScenario" classname="runner.RunCucumberTest" time="0.385"/>
  <testcase name="runScenario" classname="runner.RunCucumberTest" time="0.41"/>
  <testcase name="runScenario" classname="runner.RunCucumberTest" time="0.411"/>
  <testcase name="runScenario" classname="runner.RunCucumberTest" time="0.411"/>
  <testcase name="runScenario" classname="runner.RunCucumberTest" time="1.523"/>
  <testcase name="runScenario" classname="runner.RunCucumberTest" time="1.523"/>
  <testcase name="runScenario" classname="runner.RunCucumberTest" time="1.523"/>
  <testcase name="runScenario" classname="runner.RunCucumberTest" time="2.007"/>
  <testcase name="runScenario" classname="runner.RunCucumberTest" time="10.731">
    <failure message="no such element: Unable to locate element: {&quot;method&quot;:&quot;css selector&quot;,&quot;selector&quot;:&quot;#kw&quot;}&#10;  (Session info: headless chrome=84.0.4147.89)&#10;For documentation on this error, please visit: https://www.seleniumhq.org/exceptions/no_such_element.html&#10;Build info: version: &apos;3.141.59&apos;, revision: &apos;e82be7d358&apos;, time: &apos;2018-11-14T08:17:03&apos;&#10;System info: host: &apos;yangyt001&apos;, ip: &apos;127.0.1.1&apos;, os.name: &apos;Linux&apos;, os.arch: &apos;amd64&apos;, os.version: &apos;5.4.0-42-generic&apos;, java.version: &apos;11.0.7&apos;&#10;Driver info: org.openqa.selenium.chrome.ChromeDriver&#10;Capabilities {acceptInsecureCerts: false, browserName: chrome, browserVersion: 84.0.4147.89, chrome: {chromedriverVersion: 83.0.4103.39 (ccbf011cb2d2b..., userDataDir: /tmp/.com.google.Chrome.tR5WBz}, goog:chromeOptions: {debuggerAddress: localhost:34271}, javascriptEnabled: true, networkConnectionEnabled: false, pageLoadStrategy: normal, platform: LINUX, platformName: LINUX, proxy: Proxy(), setWindowRect: true, strictFileInteractability: false, timeouts: {implicit: 0, pageLoad: 300000, script: 30000}, unhandledPromptBehavior: dismiss and notify, webauthn:virtualAuthenticators: true}&#10;Session ID: 9885ad29cca70e8724cb486a5ea2b3da&#10;*** Element info: {Using=id, value=kw}" type="org.openqa.selenium.NoSuchElementException">org.openqa.selenium.NoSuchElementException: 
no such element: Unable to locate element: {"method":"css selector","selector":"#kw"}
  (Session info: headless chrome=84.0.4147.89)
For documentation on this error, please visit: https://www.seleniumhq.org/exceptions/no_such_element.html
Build info: version: '3.141.59', revision: 'e82be7d358', time: '2018-11-14T08:17:03'
System info: host: 'yangyt001', ip: '127.0.1.1', os.name: 'Linux', os.arch: 'amd64', os.version: '5.4.0-42-generic', java.version: '11.0.7'
Driver info: org.openqa.selenium.chrome.ChromeDriver
Capabilities {acceptInsecureCerts: false, browserName: chrome, browserVersion: 84.0.4147.89, chrome: {chromedriverVersion: 83.0.4103.39 (ccbf011cb2d2b..., userDataDir: /tmp/.com.google.Chrome.tR5WBz}, goog:chromeOptions: {debuggerAddress: localhost:34271}, javascriptEnabled: true, networkConnectionEnabled: false, pageLoadStrategy: normal, platform: LINUX, platformName: LINUX, proxy: Proxy(), setWindowRect: true, strictFileInteractability: false, timeouts: {implicit: 0, pageLoad: 300000, script: 30000}, unhandledPromptBehavior: dismiss and notify, webauthn:virtualAuthenticators: true}
Session ID: 9885ad29cca70e8724cb486a5ea2b3da
*** Element info: {Using=id, value=kw}
</failure>
    <system-out><![CDATA[  &amp#27;[32mGiven &amp#27;[0m&amp#27;[32mI am on the Google search page&amp#27;[0m           &amp#27;[90m# stepdefs.Step_UI.I_visit_google()&amp#27;[0m
  &amp#27;[31mWhen &amp#27;[0m&amp#27;[31mI search for &amp#27;[0m&amp#27;[31m&amp#27;[1m"Cheese!"&amp#27;[0m                    &amp#27;[90m# stepdefs.Step_UI.search_for(java.lang.String)&amp#27;[0m
      &amp#27;[31morg.openqa.selenium.NoSuchElementException: no such element: Unable to locate element: {"method":"css selector","selector":"#kw"}
  (Session info: headless chrome=84.0.4147.89)
For documentation on this error, please visit: https://www.seleniumhq.org/exceptions/no_such_element.html
Build info: version: '3.141.59', revision: 'e82be7d358', time: '2018-11-14T08:17:03'
System info: host: 'yangyt001', ip: '127.0.1.1', os.name: 'Linux', os.arch: 'amd64', os.version: '5.4.0-42-generic', java.version: '11.0.7'
Driver info: org.openqa.selenium.chrome.ChromeDriver
Capabilities {acceptInsecureCerts: false, browserName: chrome, browserVersion: 84.0.4147.89, chrome: {chromedriverVersion: 83.0.4103.39 (ccbf011cb2d2b..., userDataDir: /tmp/.com.google.Chrome.tR5WBz}, goog:chromeOptions: {debuggerAddress: localhost:34271}, javascriptEnabled: true, networkConnectionEnabled: false, pageLoadStrategy: normal, platform: LINUX, platformName: LINUX, proxy: Proxy(), setWindowRect: true, strictFileInteractability: false, timeouts: {implicit: 0, pageLoad: 300000, script: 30000}, unhandledPromptBehavior: dismiss and notify, webauthn:virtualAuthenticators: true}
Session ID: 9885ad29cca70e8724cb486a5ea2b3da
*** Element info: {Using=id, value=kw}
	at java.base/jdk.internal.reflect.NativeConstructorAccessorImpl.newInstance0(Native Method)
	at java.base/jdk.internal.reflect.NativeConstructorAccessorImpl.newInstance(NativeConstructorAccessorImpl.java:62)
	at java.base/jdk.internal.reflect.DelegatingConstructorAccessorImpl.newInstance(DelegatingConstructorAccessorImpl.java:45)
	at java.base/java.lang.reflect.Constructor.newInstance(Constructor.java:490)
	at org.openqa.selenium.remote.http.W3CHttpResponseCodec.createException(W3CHttpResponseCodec.java:187)
	at org.openqa.selenium.remote.http.W3CHttpResponseCodec.decode(W3CHttpResponseCodec.java:122)
	at org.openqa.selenium.remote.http.W3CHttpResponseCodec.decode(W3CHttpResponseCodec.java:49)
	at org.openqa.selenium.remote.HttpCommandExecutor.execute(HttpCommandExecutor.java:158)
	at org.openqa.selenium.remote.service.DriverCommandExecutor.execute(DriverCommandExecutor.java:83)
	at org.openqa.selenium.remote.RemoteWebDriver.execute(RemoteWebDriver.java:552)
	at org.openqa.selenium.remote.RemoteWebDriver.findElement(RemoteWebDriver.java:323)
	at org.openqa.selenium.remote.RemoteWebDriver.findElementById(RemoteWebDriver.java:372)
	at org.openqa.selenium.By$ById.findElement(By.java:188)
	at org.openqa.selenium.remote.RemoteWebDriver.findElement(RemoteWebDriver.java:315)
	at org.openqa.selenium.support.pagefactory.DefaultElementLocator.findElement(DefaultElementLocator.java:69)
	at org.openqa.selenium.support.pagefactory.internal.LocatingElementHandler.invoke(LocatingElementHandler.java:38)
	at com.sun.proxy.$Proxy35.sendKeys(Unknown Source)
	at uiTest.pageobjects.BaiduPage.searchFor(BaiduPage.java:13)
	at stepdefs.Step_UI.search_for(Step_UI.java:42)
	at âœ½.I search for "Cheese!"(classpath:features/sample_feature/ui_feature.feature:7)
&amp#27;[0m

    Embedding fail_capture.png [image/png 408872 bytes]

  &amp#27;[36mThen &amp#27;[0m&amp#27;[36mthe page title should start with &amp#27;[0m&amp#27;[36m&amp#27;[1m"cheese"&amp#27;[0m &amp#27;[90m# stepdefs.Step_UI.checkTitle(java.lang.String)&amp#27;[0m
]]></system-out>
  </testcase>
</testsuite>